[     137ms] [WARNING] [intlify] Detected HTML in 'The Falcon of <br/><span class="italic font-light">The Old Wind</span>' message. Recommend not using HTML messages to avoid XSS. @ http://localhost:5174/node_modules/.vite/deps/vue-i18n.js?v=f059874d:25
[     139ms] [WARNING] [intlify] Detected HTML in 'Enter the <br/><span class="italic text-primary-fixed-dim">Living Ledger</span>' message. Recommend not using HTML messages to avoid XSS. @ http://localhost:5174/node_modules/.vite/deps/vue-i18n.js?v=f059874d:25
[  162398ms] [WARNING] [intlify] Detected HTML in 'The Falcon of <br/><span class="italic font-light">The Old Wind</span>' message. Recommend not using HTML messages to avoid XSS. @ http://localhost:5174/node_modules/.vite/deps/vue-i18n.js?v=f059874d:25
[  162402ms] [WARNING] [intlify] Detected HTML in 'Enter the <br/><span class="italic text-primary-fixed-dim">Living Ledger</span>' message. Recommend not using HTML messages to avoid XSS. @ http://localhost:5174/node_modules/.vite/deps/vue-i18n.js?v=f059874d:25
[  164604ms] [WARNING] [intlify] Detected HTML in 'The Falcon of <br/><span class="italic font-light">The Old Wind</span>' message. Recommend not using HTML messages to avoid XSS. @ http://localhost:5174/node_modules/.vite/deps/vue-i18n.js?v=f059874d:25
[  364542ms] [WARNING] [intlify] Detected HTML in 'The Falcon of <br/><span class="italic font-light">The Old Wind</span>' message. Recommend not using HTML messages to avoid XSS. @ http://localhost:5174/node_modules/.vite/deps/vue-i18n.js?v=f059874d:25
[  399027ms] [WARNING] [intlify] Detected HTML in 'The Falcon of <br/><span class="italic font-light">The Old Wind</span>' message. Recommend not using HTML messages to avoid XSS. @ http://localhost:5174/node_modules/.vite/deps/vue-i18n.js?v=f059874d:25
[  402995ms] [WARNING] [intlify] Not found 'featureGrid.growthTitle' key in 'en' locale messages. @ http://localhost:5174/node_modules/.vite/deps/vue-i18n.js?v=f059874d:25
[  402996ms] [WARNING] [intlify] Not found 'featureGrid.growthDesc' key in 'en' locale messages. @ http://localhost:5174/node_modules/.vite/deps/vue-i18n.js?v=f059874d:25
[  402996ms] [WARNING] [intlify] Not found 'featureGrid.mateTitle' key in 'en' locale messages. @ http://localhost:5174/node_modules/.vite/deps/vue-i18n.js?v=f059874d:25
[  402996ms] [WARNING] [intlify] Not found 'featureGrid.mateDesc' key in 'en' locale messages. @ http://localhost:5174/node_modules/.vite/deps/vue-i18n.js?v=f059874d:25
[  406584ms] [WARNING] [intlify] Detected HTML in 'The Falcon of <br/><span class="italic font-light">The Old Wind</span>' message. Recommend not using HTML messages to avoid XSS. @ http://localhost:5174/node_modules/.vite/deps/vue-i18n.js?v=f059874d:25
[  439750ms] [WARNING] [intlify] Detected HTML in 'To survive in the open landscape, the kestrel has evolved a specialized technique known as <span class="text-primary font-semibold italic">windhovering</span>.' message. Recommend not using HTML messages to avoid XSS. @ http://localhost:5174/node_modules/.vite/deps/vue-i18n.js?v=f059874d:25
[  441779ms] [WARNING] [intlify] Detected HTML in 'To survive in the open landscape, the kestrel has evolved a specialized technique known as <span class="text-primary font-semibold italic">windhovering</span>.' message. Recommend not using HTML messages to avoid XSS. @ http://localhost:5174/node_modules/.vite/deps/vue-i18n.js?v=f059874d:25
[  446206ms] [WARNING] [intlify] Detected HTML in 'The Nest <span class="italic">Archive</span>' message. Recommend not using HTML messages to avoid XSS. @ http://localhost:5174/node_modules/.vite/deps/vue-i18n.js?v=f059874d:25
[  447673ms] [WARNING] [intlify] Detected HTML in 'To survive in the open landscape, the kestrel has evolved a specialized technique known as <span class="text-primary font-semibold italic">windhovering</span>.' message. Recommend not using HTML messages to avoid XSS. @ http://localhost:5174/node_modules/.vite/deps/vue-i18n.js?v=f059874d:25
[  448662ms] [WARNING] [intlify] Detected HTML in 'The First <span class="italic">Breach</span>' message. Recommend not using HTML messages to avoid XSS. @ http://localhost:5174/node_modules/.vite/deps/vue-i18n.js?v=f059874d:25
[  450108ms] [WARNING] [intlify] Detected HTML in 'To survive in the open landscape, the kestrel has evolved a specialized technique known as <span class="text-primary font-semibold italic">windhovering</span>.' message. Recommend not using HTML messages to avoid XSS. @ http://localhost:5174/node_modules/.vite/deps/vue-i18n.js?v=f059874d:25
[  451839ms] [WARNING] [intlify] Detected HTML in 'The First <span class="italic">Breach</span>' message. Recommend not using HTML messages to avoid XSS. @ http://localhost:5174/node_modules/.vite/deps/vue-i18n.js?v=f059874d:25
[  462562ms] [WARNING] [intlify] Detected HTML in 'The First <span class="italic">Breach</span>' message. Recommend not using HTML messages to avoid XSS. @ http://localhost:5174/node_modules/.vite/deps/vue-i18n.js?v=f059874d:25
[  462802ms] [WARNING] [intlify] Detected HTML in 'The First <span class="italic">Breach</span>' message. Recommend not using HTML messages to avoid XSS. @ http://localhost:5174/node_modules/.vite/deps/vue-i18n.js?v=f059874d:25
[  471605ms] [WARNING] [intlify] Detected HTML in 'The Falcon of <br/><span class="italic font-light">The Old Wind</span>' message. Recommend not using HTML messages to avoid XSS. @ http://localhost:5174/node_modules/.vite/deps/vue-i18n.js?v=f059874d:25
[  471608ms] [WARNING] [intlify] Detected HTML in 'Enter the <br/><span class="italic text-primary-fixed-dim">Living Ledger</span>' message. Recommend not using HTML messages to avoid XSS. @ http://localhost:5174/node_modules/.vite/deps/vue-i18n.js?v=f059874d:25
[  486357ms] [WARNING] [intlify] Detected HTML in 'The Falcon of <br/><span class="italic font-light">The Old Wind</span>' message. Recommend not using HTML messages to avoid XSS. @ http://localhost:5174/node_modules/.vite/deps/vue-i18n.js?v=f059874d:25
[  486360ms] [WARNING] [intlify] Detected HTML in 'Enter the <br/><span class="italic text-primary-fixed-dim">Living Ledger</span>' message. Recommend not using HTML messages to avoid XSS. @ http://localhost:5174/node_modules/.vite/deps/vue-i18n.js?v=f059874d:25
[  522236ms] [WARNING] [intlify] Detected HTML in 'The First <span class="italic">Breach</span>' message. Recommend not using HTML messages to avoid XSS. @ http://localhost:5174/node_modules/.vite/deps/vue-i18n.js?v=f059874d:25
[  524579ms] [WARNING] [intlify] Detected HTML in 'Der erste <span class="italic">Durchbruch</span>' message. Recommend not using HTML messages to avoid XSS. @ http://localhost:5174/node_modules/.vite/deps/vue-i18n.js?v=f059874d:25
[  525329ms] [WARNING] [intlify] Detected HTML in 'Az első <span class="italic">áttörés</span>' message. Recommend not using HTML messages to avoid XSS. @ http://localhost:5174/node_modules/.vite/deps/vue-i18n.js?v=f059874d:25
[  527513ms] [WARNING] [intlify] Detected HTML in 'Der erste <span class="italic">Durchbruch</span>' message. Recommend not using HTML messages to avoid XSS. @ http://localhost:5174/node_modules/.vite/deps/vue-i18n.js?v=f059874d:25
[  528544ms] [WARNING] [intlify] Detected HTML in 'The First <span class="italic">Breach</span>' message. Recommend not using HTML messages to avoid XSS. @ http://localhost:5174/node_modules/.vite/deps/vue-i18n.js?v=f059874d:25
[  543364ms] [WARNING] [intlify] Detected HTML in 'The Falcon of <br/><span class="italic font-light">The Old Wind</span>' message. Recommend not using HTML messages to avoid XSS. @ http://localhost:5174/node_modules/.vite/deps/vue-i18n.js?v=f059874d:25
[  543366ms] [WARNING] [intlify] Detected HTML in 'Enter the <br/><span class="italic text-primary-fixed-dim">Living Ledger</span>' message. Recommend not using HTML messages to avoid XSS. @ http://localhost:5174/node_modules/.vite/deps/vue-i18n.js?v=f059874d:25
